<?xml version="1.0" encoding="UTF-8"?>
<!-- Generated by org.testng.reporters.JUnitXMLReporter -->
<testsuite hostname="swati" ignored="0" name="Test2" tests="1" failures="0" timestamp="2020-05-28T17:35:06 IST" time="6.553" errors="0">
  <testcase name="@BeforeTest setUp" time="6.527" classname="demo.TestMultibrowser">
    <failure type="org.openqa.selenium.WebDriverException" message="newSession
Build info: version: &amp;apos;3.141.59&amp;apos;, revision: &amp;apos;e82be7d358&amp;apos;, time: &amp;apos;2018-11-14T08:25:53&amp;apos;
System info: host: &amp;apos;swati&amp;apos;, ip: &amp;apos;127.0.1.1&amp;apos;, os.name: &amp;apos;Linux&amp;apos;, os.arch: &amp;apos;amd64&amp;apos;, os.version: &amp;apos;4.15.0-99-generic&amp;apos;, java.version: &amp;apos;1.8.0_252&amp;apos;
Driver info: driver.version: FirefoxDriver
remote stacktrace: stack backtrace:
   0:           0x5787ed - backtrace::backtrace::trace::h59229d13f6a8837d
   1:           0x578942 - backtrace::capture::Backtrace::new::h23089c033eded8f0
   2:           0x4463cc - webdriver::error::WebDriverError::new::hd11f864b1fdf4510
   3:           0x454c93 - geckodriver::marionette::MarionetteSession::response::h1547050944cdade1
   4:           0x469104 - geckodriver::marionette::MarionetteConnection::send_command::h5f9bb9f7e777eadb
   5:           0x42625f - &amp;lt;webdriver::server::Dispatcher&amp;lt;T, U&amp;gt;&amp;gt;::run::h8f5348b8f5f7c053
   6:           0x40b22c - std::panicking::try::do_call::hb67c6fb6bcd96195
   7:           0x5dc20a - panic_unwind::__rust_maybe_catch_panic
                        at /checkout/src/libpanic_unwind/lib.rs:98
   8:           0x41b943 - &amp;lt;F as alloc::boxed::FnBox&amp;lt;A&amp;gt;&amp;gt;::call_box::h4100941edc372034
   9:           0x5d48a4 - alloc::boxed::{{impl}}::call_once&amp;lt;(),()&amp;gt;
                        at /checkout/src/liballoc/boxed.rs:650
                         - std::sys_common::thread::start_thread
                        at /checkout/src/libstd/sys_common/thread.rs:21
                         - std::sys::imp::thread::{{impl}}::new::thread_start
                        at /checkout/src/libstd/sys/unix/thread.rs:84">
      <![CDATA[org.openqa.selenium.WebDriverException: newSession
Build info: version: '3.141.59', revision: 'e82be7d358', time: '2018-11-14T08:25:53'
System info: host: 'swati', ip: '127.0.1.1', os.name: 'Linux', os.arch: 'amd64', os.version: '4.15.0-99-generic', java.version: '1.8.0_252'
Driver info: driver.version: FirefoxDriver
remote stacktrace: stack backtrace:
   0:           0x5787ed - backtrace::backtrace::trace::h59229d13f6a8837d
   1:           0x578942 - backtrace::capture::Backtrace::new::h23089c033eded8f0
   2:           0x4463cc - webdriver::error::WebDriverError::new::hd11f864b1fdf4510
   3:           0x454c93 - geckodriver::marionette::MarionetteSession::response::h1547050944cdade1
   4:           0x469104 - geckodriver::marionette::MarionetteConnection::send_command::h5f9bb9f7e777eadb
   5:           0x42625f - <webdriver::server::Dispatcher<T, U>>::run::h8f5348b8f5f7c053
   6:           0x40b22c - std::panicking::try::do_call::hb67c6fb6bcd96195
   7:           0x5dc20a - panic_unwind::__rust_maybe_catch_panic
                        at /checkout/src/libpanic_unwind/lib.rs:98
   8:           0x41b943 - <F as alloc::boxed::FnBox<A>>::call_box::h4100941edc372034
   9:           0x5d48a4 - alloc::boxed::{{impl}}::call_once<(),()>
                        at /checkout/src/liballoc/boxed.rs:650
                         - std::sys_common::thread::start_thread
                        at /checkout/src/libstd/sys_common/thread.rs:21
                         - std::sys::imp::thread::{{impl}}::new::thread_start
                        at /checkout/src/libstd/sys/unix/thread.rs:84
at org.openqa.selenium.remote.W3CHandshakeResponse.lambda$errorHandler$0(W3CHandshakeResponse.java:62)
at org.openqa.selenium.remote.HandshakeResponse.lambda$getResponseFunction$0(HandshakeResponse.java:30)
at org.openqa.selenium.remote.ProtocolHandshake.lambda$createSession$0(ProtocolHandshake.java:126)
at java.util.stream.ReferencePipeline$3$1.accept(ReferencePipeline.java:193)
at java.util.Spliterators$ArraySpliterator.tryAdvance(Spliterators.java:958)
at java.util.stream.ReferencePipeline.forEachWithCancel(ReferencePipeline.java:126)
at java.util.stream.AbstractPipeline.copyIntoWithCancel(AbstractPipeline.java:499)
at java.util.stream.AbstractPipeline.copyInto(AbstractPipeline.java:486)
at java.util.stream.AbstractPipeline.wrapAndCopyInto(AbstractPipeline.java:472)
at java.util.stream.FindOps$FindOp.evaluateSequential(FindOps.java:152)
at java.util.stream.AbstractPipeline.evaluate(AbstractPipeline.java:234)
at java.util.stream.ReferencePipeline.findFirst(ReferencePipeline.java:531)
at org.openqa.selenium.remote.ProtocolHandshake.createSession(ProtocolHandshake.java:128)
at org.openqa.selenium.remote.ProtocolHandshake.createSession(ProtocolHandshake.java:74)
at org.openqa.selenium.remote.HttpCommandExecutor.execute(HttpCommandExecutor.java:136)
at org.openqa.selenium.remote.service.DriverCommandExecutor.execute(DriverCommandExecutor.java:83)
at org.openqa.selenium.remote.RemoteWebDriver.execute(RemoteWebDriver.java:552)
at org.openqa.selenium.remote.RemoteWebDriver.startSession(RemoteWebDriver.java:213)
at org.openqa.selenium.remote.RemoteWebDriver.<init>(RemoteWebDriver.java:131)
at org.openqa.selenium.firefox.FirefoxDriver.<init>(FirefoxDriver.java:147)
at org.openqa.selenium.firefox.FirefoxDriver.<init>(FirefoxDriver.java:125)
at demo.TestMultibrowser.setUp(TestMultibrowser.java:38)
... Removed 28 stack frames]]>
    </failure>
  </testcase> <!-- @BeforeTest setUp -->
  <testcase name="@AfterTest tearDown" time="-1.590667506056E9" classname="demo.TestMultibrowser">
    <skipped/>
  </testcase> <!-- @AfterTest tearDown -->
  <testcase name="test" time="0.0" classname="demo.TestMultibrowser">
    <skipped/>
  </testcase> <!-- test -->
</testsuite> <!-- Test2 -->
