<?xml version="1.0" encoding="UTF-8"?>
<!-- Generated by org.testng.reporters.JUnitXMLReporter -->
<testsuite hostname="swati" ignored="0" name="flight" tests="1" failures="0" timestamp="2020-05-08T12:49:51 IST" time="0.881" errors="0">
  <testcase name="@BeforeClass initializeBaseTestSetup" time="-1.58892239055E9" classname="testCase.BaseClass">
    <failure type="org.testng.TestNGException" message="
Parameter &amp;apos;browserType&amp;apos; is required by BeforeClass on method initializeBaseTestSetup but has not been marked @Optional or defined
in /home/swati/eclipse-workspace/flightbook/TestNG.xml">
      <![CDATA[org.testng.TestNGException: 
Parameter 'browserType' is required by BeforeClass on method initializeBaseTestSetup but has not been marked @Optional or defined
in /home/swati/eclipse-workspace/flightbook/TestNG.xml
at java.util.ArrayList.forEach(ArrayList.java:1257)
... Removed 22 stack frames]]>
    </failure>
  </testcase> <!-- @BeforeClass initializeBaseTestSetup -->
  <testcase name="@BeforeClass setUp" time="-1.588922390571E9" classname="testCase.TCRegister01">
    <skipped/>
  </testcase> <!-- @BeforeClass setUp -->
  <testcase name="@AfterClass teardown" time="-1.588922391397E9" classname="testCase.BaseClass">
    <skipped/>
  </testcase> <!-- @AfterClass teardown -->
  <testcase name="registerTest" time="0.0" classname="testCase.TCRegister01">
    <skipped/>
  </testcase> <!-- registerTest -->
</testsuite> <!-- flight -->
